<?xml version="1.0" encoding="UTF-8"?>
<testsuite name="com.jdbc2.internal.InternalCallV1Test" tests="1" skipped="0" failures="0" errors="0" timestamp="2023-02-23T07:47:05" hostname="simjihuns-MacBook-Air.local" time="0.107">
  <properties/>
  <testcase name="externalCall()" classname="com.jdbc2.internal.InternalCallV1Test" time="0.107"/>
  <system-out><![CDATA[16:47:04.042 [Test worker] DEBUG org.springframework.test.context.BootstrapUtils - Instantiating CacheAwareContextLoaderDelegate from class [org.springframework.test.context.cache.DefaultCacheAwareContextLoaderDelegate]
16:47:04.046 [Test worker] DEBUG org.springframework.test.context.BootstrapUtils - Instantiating BootstrapContext using constructor [public org.springframework.test.context.support.DefaultBootstrapContext(java.lang.Class,org.springframework.test.context.CacheAwareContextLoaderDelegate)]
16:47:04.061 [Test worker] DEBUG org.springframework.test.context.BootstrapUtils - Instantiating TestContextBootstrapper for test class [com.jdbc2.internal.InternalCallV1Test] from class [org.springframework.boot.test.context.SpringBootTestContextBootstrapper]
16:47:04.066 [Test worker] INFO org.springframework.boot.test.context.SpringBootTestContextBootstrapper - Neither @ContextConfiguration nor @ContextHierarchy found for test class [com.jdbc2.internal.InternalCallV1Test], using SpringBootContextLoader
16:47:04.067 [Test worker] DEBUG org.springframework.test.context.support.AbstractContextLoader - Did not detect default resource location for test class [com.jdbc2.internal.InternalCallV1Test]: class path resource [com/jdbc2/internal/InternalCallV1Test-context.xml] does not exist
16:47:04.068 [Test worker] DEBUG org.springframework.test.context.support.AbstractContextLoader - Did not detect default resource location for test class [com.jdbc2.internal.InternalCallV1Test]: class path resource [com/jdbc2/internal/InternalCallV1TestContext.groovy] does not exist
16:47:04.068 [Test worker] INFO org.springframework.test.context.support.AbstractContextLoader - Could not detect default resource locations for test class [com.jdbc2.internal.InternalCallV1Test]: no resource found for suffixes {-context.xml, Context.groovy}.
16:47:04.068 [Test worker] DEBUG org.springframework.test.context.support.AnnotationConfigContextLoaderUtils - Ignoring class [com.jdbc2.internal.InternalCallV1Test$CallService]; it must be static, non-private, non-final, and annotated with @Configuration to be considered a default configuration class.
16:47:04.089 [Test worker] DEBUG org.springframework.test.context.support.ActiveProfilesUtils - Could not find an 'annotation declaring class' for annotation type [org.springframework.test.context.ActiveProfiles] and class [com.jdbc2.internal.InternalCallV1Test]
16:47:04.116 [Test worker] DEBUG org.springframework.context.annotation.ClassPathScanningCandidateComponentProvider - Identified candidate component class: file [/Users/simjihun/javaSpring/transaction-db2/build/classes/java/main/com/jdbc2/Jdbc2Application.class]
16:47:04.117 [Test worker] INFO org.springframework.boot.test.context.SpringBootTestContextBootstrapper - Found @SpringBootConfiguration com.jdbc2.Jdbc2Application for test class com.jdbc2.internal.InternalCallV1Test
16:47:04.149 [Test worker] DEBUG org.springframework.boot.test.context.SpringBootTestContextBootstrapper - @TestExecutionListeners is not present for class [com.jdbc2.internal.InternalCallV1Test]: using defaults.
16:47:04.149 [Test worker] INFO org.springframework.boot.test.context.SpringBootTestContextBootstrapper - Loaded default TestExecutionListener class names from location [META-INF/spring.factories]: [org.springframework.boot.test.autoconfigure.restdocs.RestDocsTestExecutionListener, org.springframework.boot.test.autoconfigure.web.client.MockRestServiceServerResetTestExecutionListener, org.springframework.boot.test.autoconfigure.web.servlet.MockMvcPrintOnlyOnFailureTestExecutionListener, org.springframework.boot.test.autoconfigure.web.servlet.WebDriverTestExecutionListener, org.springframework.boot.test.autoconfigure.webservices.client.MockWebServiceServerTestExecutionListener, org.springframework.boot.test.mock.mockito.MockitoTestExecutionListener, org.springframework.boot.test.mock.mockito.ResetMocksTestExecutionListener, org.springframework.test.context.web.ServletTestExecutionListener, org.springframework.test.context.support.DirtiesContextBeforeModesTestExecutionListener, org.springframework.test.context.event.ApplicationEventsTestExecutionListener, org.springframework.test.context.support.DependencyInjectionTestExecutionListener, org.springframework.test.context.support.DirtiesContextTestExecutionListener, org.springframework.test.context.transaction.TransactionalTestExecutionListener, org.springframework.test.context.jdbc.SqlScriptsTestExecutionListener, org.springframework.test.context.event.EventPublishingTestExecutionListener]
16:47:04.154 [Test worker] INFO org.springframework.boot.test.context.SpringBootTestContextBootstrapper - Using TestExecutionListeners: [org.springframework.test.context.web.ServletTestExecutionListener@339bf286, org.springframework.test.context.support.DirtiesContextBeforeModesTestExecutionListener@38be305c, org.springframework.test.context.event.ApplicationEventsTestExecutionListener@269f4bad, org.springframework.boot.test.mock.mockito.MockitoTestExecutionListener@5ed731d0, org.springframework.boot.test.autoconfigure.SpringBootDependencyInjectionTestExecutionListener@3234f74e, org.springframework.test.context.support.DirtiesContextTestExecutionListener@7bc10d84, org.springframework.test.context.transaction.TransactionalTestExecutionListener@275fe372, org.springframework.test.context.jdbc.SqlScriptsTestExecutionListener@40e10ff8, org.springframework.test.context.event.EventPublishingTestExecutionListener@557a1e2d, org.springframework.boot.test.autoconfigure.restdocs.RestDocsTestExecutionListener@26a4842b, org.springframework.boot.test.autoconfigure.web.client.MockRestServiceServerResetTestExecutionListener@7e38a7fe, org.springframework.boot.test.autoconfigure.web.servlet.MockMvcPrintOnlyOnFailureTestExecutionListener@366ef90e, org.springframework.boot.test.autoconfigure.web.servlet.WebDriverTestExecutionListener@33e01298, org.springframework.boot.test.autoconfigure.webservices.client.MockWebServiceServerTestExecutionListener@31e75d13, org.springframework.boot.test.mock.mockito.ResetMocksTestExecutionListener@a5b0b86]
16:47:04.156 [Test worker] DEBUG org.springframework.test.context.support.AbstractDirtiesContextTestExecutionListener - Before test class: context [DefaultTestContext@36676c1a testClass = InternalCallV1Test, testInstance = [null], testMethod = [null], testException = [null], mergedContextConfiguration = [WebMergedContextConfiguration@5b408dc3 testClass = InternalCallV1Test, locations = '{}', classes = '{class com.jdbc2.Jdbc2Application, class com.jdbc2.internal.InternalCallV1Test$InternalCallV1Config}', contextInitializerClasses = '[]', activeProfiles = '{}', propertySourceLocations = '{}', propertySourceProperties = '{org.springframework.boot.test.context.SpringBootTestContextBootstrapper=true}', contextCustomizers = set[org.springframework.boot.test.autoconfigure.actuate.metrics.MetricsExportContextCustomizerFactory$DisableMetricExportContextCustomizer@416c58f5, org.springframework.boot.test.autoconfigure.properties.PropertyMappingContextCustomizer@0, org.springframework.boot.test.autoconfigure.web.servlet.WebDriverContextCustomizerFactory$Customizer@4b41dd5c, org.springframework.boot.test.context.filter.ExcludeFilterContextCustomizer@56928307, org.springframework.boot.test.json.DuplicateJsonObjectContextCustomizerFactory$DuplicateJsonObjectContextCustomizer@38089a5a, org.springframework.boot.test.mock.mockito.MockitoContextCustomizer@0, org.springframework.boot.test.web.client.TestRestTemplateContextCustomizer@602e0143, org.springframework.boot.test.context.SpringBootTestArgs@1, org.springframework.boot.test.context.SpringBootTestWebEnvironment@762ef0ea], resourceBasePath = 'src/main/webapp', contextLoader = 'org.springframework.boot.test.context.SpringBootContextLoader', parent = [null]], attributes = map['org.springframework.test.context.web.ServletTestExecutionListener.activateListener' -> true]], class annotated with @DirtiesContext [false] with mode [null].

  .   ____          _            __ _ _
 /\\ / ___'_ __ _ _(_)_ __  __ _ \ \ \ \
( ( )\___ | '_ | '_| | '_ \/ _` | \ \ \ \
 \\/  ___)| |_)| | | | | || (_| |  ) ) ) )
  '  |____| .__|_| |_|_| |_\__, | / / / /
 =========|_|==============|___/=/_/_/_/
 :: Spring Boot ::                (v2.7.0)

2023-02-23 16:47:04.283  INFO 43222 --- [    Test worker] com.jdbc2.internal.InternalCallV1Test    : Starting InternalCallV1Test using Java 17.0.5 on simjihuns-MacBook-Air.local with PID 43222 (started by simjihun in /Users/simjihun/javaSpring/transaction-db2)
2023-02-23 16:47:04.283  INFO 43222 --- [    Test worker] com.jdbc2.internal.InternalCallV1Test    : No active profile set, falling back to 1 default profile: "default"
2023-02-23 16:47:04.524  INFO 43222 --- [    Test worker] .s.d.r.c.RepositoryConfigurationDelegate : Bootstrapping Spring Data JPA repositories in DEFAULT mode.
2023-02-23 16:47:04.530  INFO 43222 --- [    Test worker] .s.d.r.c.RepositoryConfigurationDelegate : Finished Spring Data repository scanning in 3 ms. Found 0 JPA repository interfaces.
2023-02-23 16:47:04.715  INFO 43222 --- [    Test worker] com.zaxxer.hikari.HikariDataSource       : HikariPool-1 - Starting...
2023-02-23 16:47:04.795  INFO 43222 --- [    Test worker] com.zaxxer.hikari.HikariDataSource       : HikariPool-1 - Start completed.
2023-02-23 16:47:04.822  INFO 43222 --- [    Test worker] o.hibernate.jpa.internal.util.LogHelper  : HHH000204: Processing PersistenceUnitInfo [name: default]
2023-02-23 16:47:04.839  INFO 43222 --- [    Test worker] org.hibernate.Version                    : HHH000412: Hibernate ORM core version 5.6.9.Final
2023-02-23 16:47:04.909  INFO 43222 --- [    Test worker] o.hibernate.annotations.common.Version   : HCANN000001: Hibernate Commons Annotations {5.1.2.Final}
2023-02-23 16:47:04.963  INFO 43222 --- [    Test worker] org.hibernate.dialect.Dialect            : HHH000400: Using dialect: org.hibernate.dialect.H2Dialect
2023-02-23 16:47:05.038  INFO 43222 --- [    Test worker] o.h.e.t.j.p.i.JtaPlatformInitiator       : HHH000490: Using JtaPlatform implementation: [org.hibernate.engine.transaction.jta.platform.internal.NoJtaPlatform]
2023-02-23 16:47:05.041  INFO 43222 --- [    Test worker] j.LocalContainerEntityManagerFactoryBean : Initialized JPA EntityManagerFactory for persistence unit 'default'
2023-02-23 16:47:05.146  WARN 43222 --- [    Test worker] JpaBaseConfiguration$JpaWebConfiguration : spring.jpa.open-in-view is enabled by default. Therefore, database queries may be performed during view rendering. Explicitly configure spring.jpa.open-in-view to disable this warning
2023-02-23 16:47:05.368  INFO 43222 --- [    Test worker] com.jdbc2.internal.InternalCallV1Test    : Started InternalCallV1Test in 1.199 seconds (JVM running for 1.651)
2023-02-23 16:47:05.479  INFO 43222 --- [    Test worker] c.j.i.InternalCallV1Test$CallService     : call external
2023-02-23 16:47:05.479  INFO 43222 --- [    Test worker] c.j.i.InternalCallV1Test$CallService     : tx active=false
2023-02-23 16:47:05.479  INFO 43222 --- [    Test worker] c.j.i.InternalCallV1Test$CallService     : call internal
2023-02-23 16:47:05.479  INFO 43222 --- [    Test worker] c.j.i.InternalCallV1Test$CallService     : tx active=false
]]></system-out>
  <system-err><![CDATA[]]></system-err>
</testsuite>
