<?xml version="1.0" encoding="UTF-8"?>
<testsuite name="com.jdbc2.TxBasicTest" tests="1" skipped="0" failures="0" errors="0" timestamp="2023-02-23T06:53:00" hostname="simjihuns-MacBook-Air.local" time="0.165">
  <properties/>
  <testcase name="txTest()" classname="com.jdbc2.TxBasicTest" time="0.165"/>
  <system-out><![CDATA[15:52:59.470 [Test worker] DEBUG org.springframework.test.context.BootstrapUtils - Instantiating CacheAwareContextLoaderDelegate from class [org.springframework.test.context.cache.DefaultCacheAwareContextLoaderDelegate]
15:52:59.474 [Test worker] DEBUG org.springframework.test.context.BootstrapUtils - Instantiating BootstrapContext using constructor [public org.springframework.test.context.support.DefaultBootstrapContext(java.lang.Class,org.springframework.test.context.CacheAwareContextLoaderDelegate)]
15:52:59.488 [Test worker] DEBUG org.springframework.test.context.BootstrapUtils - Instantiating TestContextBootstrapper for test class [com.jdbc2.TxBasicTest] from class [org.springframework.boot.test.context.SpringBootTestContextBootstrapper]
15:52:59.493 [Test worker] INFO org.springframework.boot.test.context.SpringBootTestContextBootstrapper - Neither @ContextConfiguration nor @ContextHierarchy found for test class [com.jdbc2.TxBasicTest], using SpringBootContextLoader
15:52:59.495 [Test worker] DEBUG org.springframework.test.context.support.AbstractContextLoader - Did not detect default resource location for test class [com.jdbc2.TxBasicTest]: class path resource [com/jdbc2/TxBasicTest-context.xml] does not exist
15:52:59.495 [Test worker] DEBUG org.springframework.test.context.support.AbstractContextLoader - Did not detect default resource location for test class [com.jdbc2.TxBasicTest]: class path resource [com/jdbc2/TxBasicTestContext.groovy] does not exist
15:52:59.495 [Test worker] INFO org.springframework.test.context.support.AbstractContextLoader - Could not detect default resource locations for test class [com.jdbc2.TxBasicTest]: no resource found for suffixes {-context.xml, Context.groovy}.
15:52:59.496 [Test worker] DEBUG org.springframework.test.context.support.AnnotationConfigContextLoaderUtils - Ignoring class [com.jdbc2.TxBasicTest$BasicService]; it must be static, non-private, non-final, and annotated with @Configuration to be considered a default configuration class.
15:52:59.519 [Test worker] DEBUG org.springframework.test.context.support.ActiveProfilesUtils - Could not find an 'annotation declaring class' for annotation type [org.springframework.test.context.ActiveProfiles] and class [com.jdbc2.TxBasicTest]
15:52:59.541 [Test worker] DEBUG org.springframework.context.annotation.ClassPathScanningCandidateComponentProvider - Identified candidate component class: file [/Users/simjihun/javaSpring/transaction-db2/build/classes/java/main/com/jdbc2/Jdbc2Application.class]
15:52:59.542 [Test worker] INFO org.springframework.boot.test.context.SpringBootTestContextBootstrapper - Found @SpringBootConfiguration com.jdbc2.Jdbc2Application for test class com.jdbc2.TxBasicTest
15:52:59.571 [Test worker] DEBUG org.springframework.boot.test.context.SpringBootTestContextBootstrapper - @TestExecutionListeners is not present for class [com.jdbc2.TxBasicTest]: using defaults.
15:52:59.571 [Test worker] INFO org.springframework.boot.test.context.SpringBootTestContextBootstrapper - Loaded default TestExecutionListener class names from location [META-INF/spring.factories]: [org.springframework.boot.test.autoconfigure.restdocs.RestDocsTestExecutionListener, org.springframework.boot.test.autoconfigure.web.client.MockRestServiceServerResetTestExecutionListener, org.springframework.boot.test.autoconfigure.web.servlet.MockMvcPrintOnlyOnFailureTestExecutionListener, org.springframework.boot.test.autoconfigure.web.servlet.WebDriverTestExecutionListener, org.springframework.boot.test.autoconfigure.webservices.client.MockWebServiceServerTestExecutionListener, org.springframework.boot.test.mock.mockito.MockitoTestExecutionListener, org.springframework.boot.test.mock.mockito.ResetMocksTestExecutionListener, org.springframework.test.context.web.ServletTestExecutionListener, org.springframework.test.context.support.DirtiesContextBeforeModesTestExecutionListener, org.springframework.test.context.event.ApplicationEventsTestExecutionListener, org.springframework.test.context.support.DependencyInjectionTestExecutionListener, org.springframework.test.context.support.DirtiesContextTestExecutionListener, org.springframework.test.context.transaction.TransactionalTestExecutionListener, org.springframework.test.context.jdbc.SqlScriptsTestExecutionListener, org.springframework.test.context.event.EventPublishingTestExecutionListener]
15:52:59.578 [Test worker] INFO org.springframework.boot.test.context.SpringBootTestContextBootstrapper - Using TestExecutionListeners: [org.springframework.test.context.web.ServletTestExecutionListener@62435e70, org.springframework.test.context.support.DirtiesContextBeforeModesTestExecutionListener@339bf286, org.springframework.test.context.event.ApplicationEventsTestExecutionListener@38be305c, org.springframework.boot.test.mock.mockito.MockitoTestExecutionListener@269f4bad, org.springframework.boot.test.autoconfigure.SpringBootDependencyInjectionTestExecutionListener@5ed731d0, org.springframework.test.context.support.DirtiesContextTestExecutionListener@3234f74e, org.springframework.test.context.transaction.TransactionalTestExecutionListener@7bc10d84, org.springframework.test.context.jdbc.SqlScriptsTestExecutionListener@275fe372, org.springframework.test.context.event.EventPublishingTestExecutionListener@40e10ff8, org.springframework.boot.test.autoconfigure.restdocs.RestDocsTestExecutionListener@557a1e2d, org.springframework.boot.test.autoconfigure.web.client.MockRestServiceServerResetTestExecutionListener@26a4842b, org.springframework.boot.test.autoconfigure.web.servlet.MockMvcPrintOnlyOnFailureTestExecutionListener@7e38a7fe, org.springframework.boot.test.autoconfigure.web.servlet.WebDriverTestExecutionListener@366ef90e, org.springframework.boot.test.autoconfigure.webservices.client.MockWebServiceServerTestExecutionListener@33e01298, org.springframework.boot.test.mock.mockito.ResetMocksTestExecutionListener@31e75d13]
15:52:59.579 [Test worker] DEBUG org.springframework.test.context.support.AbstractDirtiesContextTestExecutionListener - Before test class: context [DefaultTestContext@56f6d40b testClass = TxBasicTest, testInstance = [null], testMethod = [null], testException = [null], mergedContextConfiguration = [WebMergedContextConfiguration@36676c1a testClass = TxBasicTest, locations = '{}', classes = '{class com.jdbc2.Jdbc2Application, class com.jdbc2.TxBasicTest$TxApplyBasicConfig}', contextInitializerClasses = '[]', activeProfiles = '{}', propertySourceLocations = '{}', propertySourceProperties = '{org.springframework.boot.test.context.SpringBootTestContextBootstrapper=true}', contextCustomizers = set[org.springframework.boot.test.autoconfigure.actuate.metrics.MetricsExportContextCustomizerFactory$DisableMetricExportContextCustomizer@3b7d3a38, org.springframework.boot.test.autoconfigure.properties.PropertyMappingContextCustomizer@0, org.springframework.boot.test.autoconfigure.web.servlet.WebDriverContextCustomizerFactory$Customizer@61544ae6, org.springframework.boot.test.context.filter.ExcludeFilterContextCustomizer@5ba88be8, org.springframework.boot.test.json.DuplicateJsonObjectContextCustomizerFactory$DuplicateJsonObjectContextCustomizer@4b23c30a, org.springframework.boot.test.mock.mockito.MockitoContextCustomizer@0, org.springframework.boot.test.web.client.TestRestTemplateContextCustomizer@63fbfaeb, org.springframework.boot.test.context.SpringBootTestArgs@1, org.springframework.boot.test.context.SpringBootTestWebEnvironment@762ef0ea], resourceBasePath = 'src/main/webapp', contextLoader = 'org.springframework.boot.test.context.SpringBootContextLoader', parent = [null]], attributes = map['org.springframework.test.context.web.ServletTestExecutionListener.activateListener' -> true]], class annotated with @DirtiesContext [false] with mode [null].

  .   ____          _            __ _ _
 /\\ / ___'_ __ _ _(_)_ __  __ _ \ \ \ \
( ( )\___ | '_ | '_| | '_ \/ _` | \ \ \ \
 \\/  ___)| |_)| | | | | || (_| |  ) ) ) )
  '  |____| .__|_| |_|_| |_\__, | / / / /
 =========|_|==============|___/=/_/_/_/
 :: Spring Boot ::                (v2.7.0)

2023-02-23 15:52:59.685  INFO 40937 --- [    Test worker] com.jdbc2.TxBasicTest                    : Starting TxBasicTest using Java 17.0.5 on simjihuns-MacBook-Air.local with PID 40937 (started by simjihun in /Users/simjihun/javaSpring/transaction-db2)
2023-02-23 15:52:59.685  INFO 40937 --- [    Test worker] com.jdbc2.TxBasicTest                    : No active profile set, falling back to 1 default profile: "default"
2023-02-23 15:52:59.921  INFO 40937 --- [    Test worker] .s.d.r.c.RepositoryConfigurationDelegate : Bootstrapping Spring Data JPA repositories in DEFAULT mode.
2023-02-23 15:52:59.926  INFO 40937 --- [    Test worker] .s.d.r.c.RepositoryConfigurationDelegate : Finished Spring Data repository scanning in 2 ms. Found 0 JPA repository interfaces.
2023-02-23 15:53:00.120  INFO 40937 --- [    Test worker] com.zaxxer.hikari.HikariDataSource       : HikariPool-1 - Starting...
2023-02-23 15:53:00.198  INFO 40937 --- [    Test worker] com.zaxxer.hikari.HikariDataSource       : HikariPool-1 - Start completed.
2023-02-23 15:53:00.224  INFO 40937 --- [    Test worker] o.hibernate.jpa.internal.util.LogHelper  : HHH000204: Processing PersistenceUnitInfo [name: default]
2023-02-23 15:53:00.246  INFO 40937 --- [    Test worker] org.hibernate.Version                    : HHH000412: Hibernate ORM core version 5.6.9.Final
2023-02-23 15:53:00.312  INFO 40937 --- [    Test worker] o.hibernate.annotations.common.Version   : HCANN000001: Hibernate Commons Annotations {5.1.2.Final}
2023-02-23 15:53:00.360  INFO 40937 --- [    Test worker] org.hibernate.dialect.Dialect            : HHH000400: Using dialect: org.hibernate.dialect.H2Dialect
2023-02-23 15:53:00.432  INFO 40937 --- [    Test worker] o.h.e.t.j.p.i.JtaPlatformInitiator       : HHH000490: Using JtaPlatform implementation: [org.hibernate.engine.transaction.jta.platform.internal.NoJtaPlatform]
2023-02-23 15:53:00.437  INFO 40937 --- [    Test worker] j.LocalContainerEntityManagerFactoryBean : Initialized JPA EntityManagerFactory for persistence unit 'default'
2023-02-23 15:53:00.534  WARN 40937 --- [    Test worker] JpaBaseConfiguration$JpaWebConfiguration : spring.jpa.open-in-view is enabled by default. Therefore, database queries may be performed during view rendering. Explicitly configure spring.jpa.open-in-view to disable this warning
2023-02-23 15:53:00.763  INFO 40937 --- [    Test worker] com.jdbc2.TxBasicTest                    : Started TxBasicTest in 1.167 seconds (JVM running for 1.617)
2023-02-23 15:53:00.933  INFO 40937 --- [    Test worker] com.jdbc2.TxBasicTest$BasicService       : call tx
2023-02-23 15:53:00.933  INFO 40937 --- [    Test worker] com.jdbc2.TxBasicTest$BasicService       : tx active=true
2023-02-23 15:53:00.934  INFO 40937 --- [    Test worker] com.jdbc2.TxBasicTest$BasicService       : call nonTx
2023-02-23 15:53:00.934  INFO 40937 --- [    Test worker] com.jdbc2.TxBasicTest$BasicService       : tx active=false
]]></system-out>
  <system-err><![CDATA[]]></system-err>
</testsuite>
